[      57ms] [LOG] 👋 Leaving room: board-a17fde70-8315-490a-bc19-1b8340b4f995 @ https://static.cdnpk.net/pikaso/assets/esm.BP4ZHqS0.v2.js:3
[    1397ms] [ERROR] Failed to load resource: the server responded with a status of 404 () @ https://support.freepik.com/s/article/spaces?language=en_US:0
[    1401ms] [ERROR] The source list for the Content Security Policy directive 'frame-src' contains an invalid source: 'https://__stack_replace__ironcladapp.com'. It will be ignored. @ https://support.freepik.com/s/article/spaces?language=en_US:1
[    1401ms] [ERROR] The source list for the Content Security Policy directive 'connect-src' contains an invalid source: 'https://__stack_replace__ironcladapp.com'. It will be ignored. @ https://support.freepik.com/s/article/spaces?language=en_US:1
[    5456ms] [WARNING] ComponentProfiler: Component-level profiling has not been enabled. @ https://support.freepik.com/components/instrumentation/componentProfiler.js:0
[    5486ms] [LOG] %cO11Y%c Error color:white;background-color:#FF6600;font-weight:bold color:white;background-color:Crimson {name: Error, message: Unsupported WebVital metrics: [2], stack: Error: Unsupported WebVital metrics: [2]
    at q.…tMjE0NzQ4MzY0OC4xMzEwNzIwMA/aura_prod.js:431:183)} {timestamp: 1775705794397.7, rootId: undefined, sequence: 1, schemaSequence: 1, loggerName: WebVitals} @ https://support.freepik.com/components/o11y/client.js:0
[    5496ms] [ERROR] The source list for the Content Security Policy directive 'frame-src' contains an invalid source: 'https://__stack_replace__ironcladapp.com'. It will be ignored. @ https://support.freepik.com/s/sfsites/auraFW/javascript/TXFWNVprQUZzQnEtNXVXYTFLQ2ppdzJEa1N5enhOU3R5QWl2VzNveFZTbGcxMy4tMjE0NzQ4MzY0OC4xMzEwNzIwMA/aura_prod.js:107
[    5496ms] [ERROR] The source list for the Content Security Policy directive 'connect-src' contains an invalid source: 'https://__stack_replace__ironcladapp.com'. It will be ignored. @ https://support.freepik.com/s/sfsites/auraFW/javascript/TXFWNVprQUZzQnEtNXVXYTFLQ2ppdzJEa1N5enhOU3R5QWl2VzNveFZTbGcxMy4tMjE0NzQ4MzY0OC4xMzEwNzIwMA/aura_prod.js:107
[    5497ms] [ERROR] The source list for the Content Security Policy directive 'frame-src' contains an invalid source: 'https://__stack_replace__ironcladapp.com'. It will be ignored. @ https://support.freepik.com/s/sfsites/auraFW/javascript/TXFWNVprQUZzQnEtNXVXYTFLQ2ppdzJEa1N5enhOU3R5QWl2VzNveFZTbGcxMy4tMjE0NzQ4MzY0OC4xMzEwNzIwMA/aura_prod.js:107
[    5497ms] [ERROR] The source list for the Content Security Policy directive 'connect-src' contains an invalid source: 'https://__stack_replace__ironcladapp.com'. It will be ignored. @ https://support.freepik.com/s/sfsites/auraFW/javascript/TXFWNVprQUZzQnEtNXVXYTFLQ2ppdzJEa1N5enhOU3R5QWl2VzNveFZTbGcxMy4tMjE0NzQ4MzY0OC4xMzEwNzIwMA/aura_prod.js:107
[    5497ms] [WARNING] An iframe which has both allow-scripts and allow-same-origin for its sandbox attribute can escape its sandboxing. @ https://support.freepik.com/s/sfsites/auraFW/javascript/TXFWNVprQUZzQnEtNXVXYTFLQ2ppdzJEa1N5enhOU3R5QWl2VzNveFZTbGcxMy4tMjE0NzQ4MzY0OC4xMzEwNzIwMA/aura_prod.js:107
[    8246ms] [LOG] Proxy(Object) @ https://support.freepik.com/s/sfsites/auraFW/javascript/TXFWNVprQUZzQnEtNXVXYTFLQ2ppdzJEa1N5enhOU3R5QWl2VzNveFZTbGcxMy4tMjE0NzQ4MzY0OC4xMzEwNzIwMA/aura_prod.js:107
[    8251ms] [LOG] Proxy(Object) @ https://support.freepik.com/s/sfsites/auraFW/javascript/TXFWNVprQUZzQnEtNXVXYTFLQ2ppdzJEa1N5enhOU3R5QWl2VzNveFZTbGcxMy4tMjE0NzQ4MzY0OC4xMzEwNzIwMA/aura_prod.js:107
[    8251ms] [LOG] Proxy(Object) @ https://support.freepik.com/s/sfsites/auraFW/javascript/TXFWNVprQUZzQnEtNXVXYTFLQ2ppdzJEa1N5enhOU3R5QWl2VzNveFZTbGcxMy4tMjE0NzQ4MzY0OC4xMzEwNzIwMA/aura_prod.js:107
[   11065ms] [ERROR] The source list for the Content Security Policy directive 'frame-src' contains an invalid source: 'https://__stack_replace__ironcladapp.com'. It will be ignored. @ https://support.freepik.com/s/sfsites/auraFW/javascript/TXFWNVprQUZzQnEtNXVXYTFLQ2ppdzJEa1N5enhOU3R5QWl2VzNveFZTbGcxMy4tMjE0NzQ4MzY0OC4xMzEwNzIwMA/aura_prod.js:48
[   11065ms] [ERROR] The source list for the Content Security Policy directive 'connect-src' contains an invalid source: 'https://__stack_replace__ironcladapp.com'. It will be ignored. @ https://support.freepik.com/s/sfsites/auraFW/javascript/TXFWNVprQUZzQnEtNXVXYTFLQ2ppdzJEa1N5enhOU3R5QWl2VzNveFZTbGcxMy4tMjE0NzQ4MzY0OC4xMzEwNzIwMA/aura_prod.js:48
[   11066ms] [ERROR] The source list for the Content Security Policy directive 'frame-src' contains an invalid source: 'https://__stack_replace__ironcladapp.com'. It will be ignored. @ https://support.freepik.com/s/sfsites/auraFW/javascript/TXFWNVprQUZzQnEtNXVXYTFLQ2ppdzJEa1N5enhOU3R5QWl2VzNveFZTbGcxMy4tMjE0NzQ4MzY0OC4xMzEwNzIwMA/aura_prod.js:48
[   11066ms] [ERROR] The source list for the Content Security Policy directive 'connect-src' contains an invalid source: 'https://__stack_replace__ironcladapp.com'. It will be ignored. @ https://support.freepik.com/s/sfsites/auraFW/javascript/TXFWNVprQUZzQnEtNXVXYTFLQ2ppdzJEa1N5enhOU3R5QWl2VzNveFZTbGcxMy4tMjE0NzQ4MzY0OC4xMzEwNzIwMA/aura_prod.js:48
[   11350ms] [LOG] {InstrumentationResult :  ( RECEIVED = 7 , SUCCESS -> UE = 1 , SUCCESS -> LOG = 7 , Topic = AILTN )  , TelemetryResponse : ( AsyncResults )O11yInstrumentationResult : O11y Logs successfully processed by instrumentation-processing: Object} @ https://support.freepik.com/libraries/instrumentation/beaconLib.BeaconLibrary.js:43
[   11594ms] [ERROR] Failed to find a valid digest in the 'integrity' attribute for resource 'blob:https://support.freepik.com/ed60da50-d5f8-449d-89d4-c18363068804' with computed SHA-384 integrity '66aP7kTB52lCzsehUA7lskMv1RIcEDESXw79K0z4UBqUc2gB2w7QHVFQVCfSeUwc'. The resource has been blocked. @ about:blank:0
[   11644ms] [ERROR] Failed to find a valid digest in the 'integrity' attribute for resource 'blob:https://support.freepik.com/4613b0cd-5efa-4aea-b598-e41a9b9c92fc' with computed SHA-384 integrity '66aP7kTB52lCzsehUA7lskMv1RIcEDESXw79K0z4UBqUc2gB2w7QHVFQVCfSeUwc'. The resource has been blocked. @ about:blank:0
[   11693ms] [LOG] {InstrumentationResult :  (  )  , TelemetryResponse : ( AsyncResults )O11yInstrumentationResult : O11y Logs successfully processed by instrumentation-processing: Object} @ https://support.freepik.com/libraries/instrumentation/beaconLib.BeaconLibrary.js:43
